d:\workspace\hub_demo\wndgamedemo\wndgamedemo\debug\vc140.pdb
d:\workspace\hub_demo\wndgamedemo\wndgamedemo\debug\vc140.idb
d:\workspace\hub_demo\wndgamedemo\wndgamedemo\debug\functioncollection.obj
d:\workspace\hub_demo\wndgamedemo\wndgamedemo\debug\toolcollection.obj
d:\workspace\hub_demo\wndgamedemo\wndgamedemo\debug\messagebox.obj
d:\workspace\hub_demo\wndgamedemo\wndgamedemo\debug\wndframe.obj
d:\workspace\hub_demo\wndgamedemo\wndgamedemo\debug\wndgamedemo.obj
d:\workspace\hub_demo\wndgamedemo\wndgamedemo\debug\wndgamedemo.res
d:\workspace\hub_demo\wndgamedemo\debug\wndgamedemo.pdb
d:\workspace\hub_demo\wndgamedemo\wndgamedemo\debug\wndgamedemo.tlog\cl.command.1.tlog
d:\workspace\hub_demo\wndgamedemo\wndgamedemo\debug\wndgamedemo.tlog\cl.read.1.tlog
d:\workspace\hub_demo\wndgamedemo\wndgamedemo\debug\wndgamedemo.tlog\cl.write.1.tlog
d:\workspace\hub_demo\wndgamedemo\wndgamedemo\debug\wndgamedemo.tlog\link-cvtres.read.1.tlog
d:\workspace\hub_demo\wndgamedemo\wndgamedemo\debug\wndgamedemo.tlog\link-cvtres.write.1.tlog
d:\workspace\hub_demo\wndgamedemo\wndgamedemo\debug\wndgamedemo.tlog\link-rc.read.1.tlog
d:\workspace\hub_demo\wndgamedemo\wndgamedemo\debug\wndgamedemo.tlog\link-rc.write.1.tlog
d:\workspace\hub_demo\wndgamedemo\wndgamedemo\debug\wndgamedemo.tlog\link.command.1.tlog
d:\workspace\hub_demo\wndgamedemo\wndgamedemo\debug\wndgamedemo.tlog\link.read.1.tlog
d:\workspace\hub_demo\wndgamedemo\wndgamedemo\debug\wndgamedemo.tlog\link.write.1.tlog
d:\workspace\hub_demo\wndgamedemo\wndgamedemo\debug\wndgamedemo.tlog\rc.command.1.tlog
d:\workspace\hub_demo\wndgamedemo\wndgamedemo\debug\wndgamedemo.tlog\rc.read.1.tlog
d:\workspace\hub_demo\wndgamedemo\wndgamedemo\debug\wndgamedemo.tlog\rc.write.1.tlog
